Output from running * b6769b5 for 20 minutes on a 3*3 board:
Board:
   ['U', 'I', 'T',
    'E', 'V', 'I',
    'S', 'A', 'K']

games run: 54798
-----
111100000ETUI-1  : ( 30 / 79 )
000100111KEAS-1  : ( 90 / 165 )
001001111SITKA-1  : ( 233 / 352 )
000101111KAIES-1  : ( 410 / 573 )
000100110SEA-1  : ( 55 / 116 )
000001111SIKA-1  : ( 327 / 470 )
001101101TIKES-1  : ( 127 / 215 )
001100111TAKES-1  : ( 140 / 232 )
010000101SKI-1  : ( 80 / 151 )
000111101KIEVS-1  : ( 176 / 279 )
000011110VISA-1  : ( 214 / 328 )
001001110SATI-1  : ( 89 / 164 )
000101001EIK-1  : ( 121 / 207 )
001100000TE-1  : ( 85 / 158 )
001000010TA-1  : ( 51 / 110 )
001001100SIT-1  : ( 68 / 134 )
000101101SIKE-1  : ( 138 / 229 )
000110110VASE-1  : ( 101 / 180 )
101110010VAUTE-1  : ( 73 / 141 )
110000100SUI-1  : ( 45 / 101 )
001111110STEVIA-1  : ( 91 / 166 )
000001100SI-1  : ( 82 / 154 )
001100011KETA-1  : ( 67 / 133 )
100000101SUK-1  : ( 95 / 172 )
011100101SKITE-1  : ( 60 / 123 )
000010111KVAS-1  : ( 100 / 179 )
000000011KA-1  : ( 37 / 89 )
001001111TIKAS-1  : ( 421 / 586 )
010111100VISIE-1  : ( 75 / 144 )
001100101SKET-1  : ( 60 / 123 )
001100110ETAS-1  : ( 66 / 132 )
101010110VAUTS-1  : ( 80 / 151 )
011001001TIKI-1  : ( 127 / 215 )
001100000ET-1  : ( 48 / 106 )
011000101TIKS-1  : ( 60 / 123 )
100100101EUKS-1  : ( 74 / 143 )
010010110VIAS-1  : ( 50 / 109 )
001001101SKIT-1  : ( 105 / 185 )
010000011KAI-1  : ( 83 / 155 )
101010010VATU-1  : ( 61 / 124 )
011100100TIES-1  : ( 45 / 101 )
000100010EA-1  : ( 60 / 123 )
001001101KIST-1  : ( 118 / 203 )
001001011IKAT-1  : ( 296 / 432 )
000001111SAKI-1  : ( 208 / 320 )
011000100ITS-1  : ( 43 / 98 )
011100100SITE-1  : ( 32 / 82 )
010000111SIKA-1  : ( 48 / 106 )
000011011KIVA-1  : ( 402 / 563 )
111000101KUTIS-1  : ( 118 / 203 )
011110110STEVIA-1  : ( 53 / 113 )
111100100SUITE-1  : ( 39 / 92 )
001100111TEAKS-1  : ( 81 / 153 )
000001011KAI-1  : ( 560 / 756 )
001001101TIKS-1  : ( 157 / 254 )
110000011KUIA-1  : ( 56 / 117 )
010100101EIKS-1  : ( 60 / 123 )
001100100SET-1  : ( 66 / 132 )
101000000UT-1  : ( 35 / 86 )
100110110SUAVE-1  : ( 44 / 100 )
010111100IVIES-1  : ( 63 / 127 )
001000110ATS-1  : ( 68 / 134 )
010000001KI-1  : ( 81 / 153 )
101100000UTE-1  : ( 40 / 94 )
011100101KITES-1  : ( 47 / 104 )
001100110TEAS-1  : ( 25 / 71 )
101000011KUTA-1  : ( 118 / 203 )
010010010VIA-1  : ( 58 / 120 )
011000101SKIT-1  : ( 85 / 158 )
001101001KITE-1  : ( 113 / 196 )
011000110AITS-1  : ( 16 / 56 )
001001000TI-1  : ( 61 / 124 )
001110000VET-1  : ( 66 / 132 )
000010110VAS-1  : ( 53 / 113 )
001001010AIT-1  : ( 102 / 181 )
001010110VATS-1  : ( 77 / 147 )
100000111AUKS-1  : ( 102 / 181 )
100110010UVEA-1  : ( 86 / 159 )
000100110EAS-1  : ( 41 / 95 )
101010010VAUT-1  : ( 58 / 120 )
011111100VISITE-1  : ( 122 / 208 )
100000011AUK-1  : ( 106 / 187 )
010000111KAIS-1  : ( 77 / 147 )
001001011TIKA-1  : ( 280 / 412 )
000001001KI-1  : ( 120 / 206 )
001001111KATIS-1  : ( 311 / 450 )
011000011IKAT-1  : ( 109 / 191 )
000111010VIAE-1  : ( 154 / 250 )
011010010VITA-1  : ( 45 / 101 )
001000100ST-1  : ( 58 / 120 )
111000100UTIS-1  : ( 78 / 148 )
000111110AVISE-1  : ( 244 / 366 )
001011110VISTA-1  : ( 94 / 170 )
010111101SKIVIE-1  : ( 157 / 254 )
101000111KUTAS-1  : ( 75 / 144 )
100000111SKUA-1  : ( 118 / 203 )
011100000TIE-1  : ( 47 / 104 )
000110110VAES-1  : ( 75 / 144 )
111111100UVEITIS-1  : ( 47 / 104 )
100100101UKES-1  : ( 105 / 185 )
001110100VEST-1  : ( 33 / 83 )
001001110TAIS-1  : ( 93 / 169 )
000111101SKIVE-1  : ( 144 / 237 )
100010010UVA-1  : ( 69 / 136 )
000111100VIES-1  : ( 61 / 124 )
100100001EUK-1  : ( 77 / 147 )
001100110EAST-1  : ( 34 / 85 )
001001110ITAS-1  : ( 152 / 248 )
000110110AVES-1  : ( 68 / 134 )
010101111SAIKEI-1  : ( 274 / 404 )
001010110VAST-1  : ( 71 / 139 )
011001101TIKIS-1  : ( 120 / 206 )
001101100SITE-1  : ( 78 / 148 )
000011100VIS-1  : ( 81 / 153 )
000000111SKA-1  : ( 74 / 143 )
000101101EIKS-1  : ( 103 / 183 )
010000010AI-1  : ( 56 / 117 )
000100011AKE-1  : ( 78 / 148 )
011000100TIS-1  : ( 47 / 104 )
011000000TI-1  : ( 57 / 119 )
001000111SKAT-1  : ( 69 / 136 )
101001100UTIS-1  : ( 80 / 151 )
000100111SAKE-1  : ( 86 / 159 )
101000110TAUS-1  : ( 54 / 114 )
100001011KUIA-1  : ( 438 / 607 )
011000111SITKA-1  : ( 69 / 136 )
100100111UKASE-1  : ( 85 / 158 )
011000111TAKIS-1  : ( 71 / 139 )
100000100US-1  : ( 63 / 127 )
111000001KUTI-1  : ( 78 / 148 )
010110101SKIVE-1  : ( 112 / 195 )
001001101KITS-1  : ( 137 / 228 )
101001010AITU-1  : ( 186 / 292 )
001010110TAVS-1  : ( 85 / 158 )
101000110SAUT-1  : ( 37 / 89 )
000001101SKI-1  : ( 129 / 217 )
100100001UKE-1  : ( 94 / 170 )
001101101KITES-1  : ( 116 / 200 )
001100110SATE-1  : ( 69 / 136 )
101001101KUTIS-1  : ( 145 / 239 )
011000111IKATS-1  : ( 62 / 126 )
101101100SUITE-1  : ( 78 / 148 )
001100011TAKE-1  : ( 57 / 119 )
001001011TAKI-1  : ( 247 / 370 )
000111100VISE-1  : ( 94 / 170 )
001100111KETAS-1  : ( 88 / 162 )
100010110UVAS-1  : ( 65 / 130 )
011110110SATIVE-1  : ( 106 / 187 )
001001100TIS-1  : ( 58 / 120 )
001001100ITS-1  : ( 66 / 132 )
101001110AITUS-1  : ( 114 / 197 )
000100110SAE-1  : ( 45 / 101 )
001000011TAK-1  : ( 105 / 185 )
101010110VATUS-1  : ( 61 / 124 )
011000010AIT-1  : ( 68 / 134 )
101001001KUTI-1  : ( 193 / 301 )
100001100SUI-1  : ( 50 / 109 )
100100001KUE-1  : ( 68 / 134 )
001111110SATIVE-1  : ( 127 / 215 )
001100101KETS-1  : ( 60 / 123 )
011000011TIKA-1  : ( 94 / 170 )
001100111STAKE-1  : ( 58 / 120 )
101001100SUIT-1  : ( 93 / 169 )
010000101KIS-1  : ( 79 / 150 )
001001010TAI-1  : ( 108 / 189 )
000110010AVE-1  : ( 42 / 97 )
001000111TAKS-1  : ( 54 / 114 )
111000010AITU-1  : ( 65 / 130 )
001100110ATES-1  : ( 51 / 110 )
001001001KIT-1  : ( 97 / 174 )
001100111STEAK-1  : ( 83 / 155 )
011000001TIK-1  : ( 93 / 169 )
000000110AS-1  : ( 35 / 86 )
000100111AKES-1  : ( 117 / 201 )
111000000TUI-1  : ( 78 / 148 )
100100100SUE-1  : ( 58 / 120 )
011100001KITE-1  : ( 48 / 106 )
001001111TAKIS-1  : ( 357 / 507 )
101001100TUIS-1  : ( 77 / 147 )
011000010ITA-1  : ( 56 / 117 )
101000010UTA-1  : ( 59 / 122 )
101101100ETUIS-1  : ( 83 / 155 )
001011110VITAS-1  : ( 196 / 305 )
010110100VISE-1  : ( 39 / 92 )
000011010VIA-1  : ( 179 / 283 )
001100010TEA-1  : ( 32 / 82 )
000000111KAS-1  : ( 123 / 210 )
000110110SAVE-1  : ( 83 / 155 )
001111100STIVE-1  : ( 47 / 104 )
000001010AI-1  : ( 152 / 248 )
010000111SAKI-1  : ( 107 / 188 )
101000101TUSK-1  : ( 60 / 123 )
010110010VIAE-1  : ( 106 / 187 )
100110010UVAE-1  : ( 49 / 107 )
000111000VIE-1  : ( 121 / 207 )
100100010AUE-1  : ( 58 / 120 )
011000110TAIS-1  : ( 41 / 95 )
001001010ITA-1  : ( 34 / 85 )
010110101KIEVS-1  : ( 110 / 192 )
010000100SI-1  : ( 58 / 120 )
010110100VIES-1  : ( 28 / 76 )
010110001KIEV-1  : ( 70 / 137 )
011010110VISTA-1  : ( 51 / 110 )
001010010VAT-1  : ( 38 / 91 )
100001111KUIAS-1  : ( 554 / 748 )
001100010TAE-1  : ( 62 / 126 )
001100010ETA-1  : ( 40 / 94 )
000100011KEA-1  : ( 97 / 174 )
001100010ATE-1  : ( 44 / 100 )
001100101KEST-1  : ( 62 / 126 )
000010110SAV-1  : ( 44 / 100 )
101000010TAU-1  : ( 43 / 98 )
011110100STIVE-1  : ( 45 / 101 )
001101000TIE-1  : ( 97 / 175 )
000001110SAI-1  : ( 111 / 193 )
111000100SUIT-1  : ( 51 / 110 )
000001111KAIS-1  : ( 334 / 479 )
011000010TAI-1  : ( 87 / 161 )
101000100UTS-1  : ( 39 / 92 )
010100111KAIES-1  : ( 110 / 192 )
011000110ITAS-1  : ( 67 / 133 )
001000110SAT-1  : ( 72 / 140 )
011000100SIT-1  : ( 70 / 137 )
001001110AITS-1  : ( 101 / 179 )
010010110VISA-1  : ( 61 / 124 )
100100101KUES-1  : ( 61 / 124 )
100010010VAU-1  : ( 75 / 144 )
100100110EAUS-1  : ( 29 / 77 )
101110110VAUTES-1  : ( 74 / 143 )
111100100ETUIS-1  : ( 53 / 113 )
011000011TAKI-1  : ( 93 / 169 )
011000000IT-1  : ( 41 / 95 )
001110110STAVE-1  : ( 73 / 141 )
011000101KIST-1  : ( 82 / 154 )
101001000TUI-1  : ( 58 / 120 )
111000110AITUS-1  : ( 29 / 77 )
000100100ES-1  : ( 60 / 123 )
001101001TIKE-1  : ( 137 / 228 )
010010111KIVAS-1  : ( 147 / 241 )
001100100EST-1  : ( 48 / 106 )
001010010TAV-1  : ( 26 / 73 )
010000100IS-1  : ( 22 / 66 )
010010011KIVA-1  : ( 80 / 151 )
001001111IKATS-1  : ( 312 / 452 )
000111001KIEV-1  : ( 171 / 273 )
011010110VITAS-1  : ( 53 / 113 )
100100100USE-1  : ( 78 / 148 )
011001100ISIT-1  : ( 72 / 140 )
000001110AIS-1  : ( 198 / 307 )
100110110UVEAS-1  : ( 55 / 116 )
101000110UTAS-1  : ( 79 / 150 )
001111010VITAE-1  : ( 144 / 237 )
001100100TES-1  : ( 54 / 114 )
000100111KAES-1  : ( 188 / 295 )
011011100VISIT-1  : ( 60 / 123 )
010100001EIK-1  : ( 44 / 100 )
010000110AIS-1  : ( 71 / 139 )
101100110SAUTE-1  : ( 53 / 113 )
101100100UTES-1  : ( 54 / 114 )
000001101KIS-1  : ( 109 / 191 )
000100010AE-1  : ( 71 / 139 )
001100111SKATE-1  : ( 93 / 169 )
010110110AVISE-1  : ( 96 / 173 )
011000011KATI-1  : ( 88 / 162 )
001001011KATI-1  : ( 263 / 390 )
011000101KITS-1  : ( 66 / 132 )
000110010VAE-1  : ( 80 / 151 )
001000111TASK-1  : ( 91 / 166 )
010000110SAI-1  : ( 51 / 110 )
001100110SETA-1  : ( 37 / 89 )
000101100SEI-1  : ( 47 / 104 )
000011110VIAS-1  : ( 85 / 158 )
010000101SIK-1  : ( 118 / 203 )
001100110TAES-1  : ( 69 / 136 )
001110100VETS-1  : ( 61 / 124 )
010100011KAIE-1  : ( 78 / 148 )
001101100TIES-1  : ( 62 / 126 )
001000110TAS-1  : ( 63 / 127 )
011100101TIKES-1  : ( 104 / 184 )
001001001TIK-1  : ( 106 / 187 )
001000010AT-1  : ( 55 / 116 )
010100100SEI-1  : ( 62 / 126 )
001101101SKITE-1  : ( 127 / 215 )
100100010EAU-1  : ( 16 / 56 )
011110000VITE-1  : ( 36 / 88 )
011110010VITAE-1  : ( 78 / 148 )
001100001KET-1  : ( 51 / 110 )
111000100TUIS-1  : ( 54 / 114 )
001001000IT-1  : ( 73 / 141 )
001100110EATS-1  : ( 35 / 86 )
000001101SIK-1  : ( 86 / 159 )
000001100IS-1  : ( 50 / 109 )
011100100STIE-1  : ( 47 / 104 )
001000111KATS-1  : ( 70 / 137 )
011000110SATI-1  : ( 36 / 88 )
010100101SEIK-1  : ( 58 / 120 )
001011010VITA-1  : ( 219 / 334 )
001100110SEAT-1  : ( 46 / 103 )
000011111KIVAS-1  : ( 620 / 828 )
001000011KAT-1  : ( 86 / 159 )
010010100VIS-1  : ( 56 / 117 )
011000111TIKAS-1  : ( 86 / 159 )
000101101SEIK-1  : ( 83 / 155 )
001111000VITE-1  : ( 121 / 207 )
010110000VIE-1  : ( 35 / 86 )
000100011KAE-1  : ( 47 / 104 )
101100100SUET-1  : ( 30 / 79 )
011000111KATIS-1  : ( 61 / 124 )
100010110VAUS-1  : ( 76 / 146 )
001100010EAT-1  : ( 67 / 133 )
001101100STIE-1  : ( 62 / 126 )
001110110VESTA-1  : ( 45 / 101 )
101101000ETUI-1  : ( 78 / 148 )
001100011TEAK-1  : ( 42 / 97 )
000000111ASK-1  : ( 61 / 124 )
010100101SIKE-1  : ( 67 / 133 )
001000101TSK-1  : ( 58 / 120 )
000101011KAIE-1  : ( 304 / 442 )
100000110SAU-1  : ( 63 / 127 )
001100101SEKT-1  : ( 77 / 147 )
011000001KIT-1  : ( 97 / 174 )
011100001TIKE-1  : ( 63 / 127 )
110000111KUIAS-1  : ( 79 / 150 )
0000000001  : ( 23982 / 54798 )
best play : KIVAS,8,5,4,7,6
